<?xml version="1.0" encoding="UTF-8"?>
<testsuite name="ScrabbleScoreTest" tests="4" skipped="0" failures="0" errors="0" timestamp="2016-02-09T18:30:11" hostname="epicodus-58.local" time="0.002">
  <properties/>
  <testcase name="ScrabbleScore_returnsAScrabbleScoreForALetter_1" classname="ScrabbleScoreTest" time="0.001"/>
  <testcase name="ScrabbleScore_returnsAScrabbleScoreForALettersEqualAWord_7" classname="ScrabbleScoreTest" time="0.0"/>
  <testcase name="ScrabbleScore_returnsAScrabbleScoreForALettersEqualAnyWord_18" classname="ScrabbleScoreTest" time="0.001"/>
  <testcase name="ScrabbleScore_returnsAScrabbleScoreForALettersEqualToOne_10" classname="ScrabbleScoreTest" time="0.0"/>
  <system-out><![CDATA[]]></system-out>
  <system-err><![CDATA[]]></system-err>
</testsuite>
